Determining if the function sgemm_ exists failed with the following output:
Change Dir: /home/ubuntu/conann-dev/faiss-1.9.0/faiss/build/CMakeFiles/CMakeTmp

Run Build Command(s):/usr/bin/make -f Makefile cmTC_86d85/fast && /usr/bin/make  -f CMakeFiles/cmTC_86d85.dir/build.make CMakeFiles/cmTC_86d85.dir/build
make[1]: Entering directory '/home/ubuntu/conann-dev/faiss-1.9.0/faiss/build/CMakeFiles/CMakeTmp'
Building C object CMakeFiles/cmTC_86d85.dir/CheckFunctionExists.c.o
/usr/bin/cc   -DCHECK_FUNCTION_EXISTS=sgemm_ -o CMakeFiles/cmTC_86d85.dir/CheckFunctionExists.c.o -c /usr/local/share/cmake-3.24/Modules/CheckFunctionExists.c
Linking C executable cmTC_86d85
/usr/local/bin/cmake -E cmake_link_script CMakeFiles/cmTC_86d85.dir/link.txt --verbose=1
/usr/bin/cc  -DCHECK_FUNCTION_EXISTS=sgemm_ -rdynamic CMakeFiles/cmTC_86d85.dir/CheckFunctionExists.c.o -o cmTC_86d85 
CMakeFiles/cmTC_86d85.dir/CheckFunctionExists.c.o: In function `main':
CheckFunctionExists.c:(.text+0x10): undefined reference to `sgemm_'
collect2: error: ld returned 1 exit status
CMakeFiles/cmTC_86d85.dir/build.make:98: recipe for target 'cmTC_86d85' failed
make[1]: *** [cmTC_86d85] Error 1
make[1]: Leaving directory '/home/ubuntu/conann-dev/faiss-1.9.0/faiss/build/CMakeFiles/CMakeTmp'
Makefile:127: recipe for target 'cmTC_86d85/fast' failed
make: *** [cmTC_86d85/fast] Error 2



Performing C SOURCE FILE Test CMAKE_HAVE_LIBC_PTHREAD failed with the following output:
Change Dir: /home/ubuntu/conann-dev/faiss-1.9.0/faiss/build/CMakeFiles/CMakeTmp

Run Build Command(s):/usr/bin/make -f Makefile cmTC_3f0db/fast && /usr/bin/make  -f CMakeFiles/cmTC_3f0db.dir/build.make CMakeFiles/cmTC_3f0db.dir/build
make[1]: Entering directory '/home/ubuntu/conann-dev/faiss-1.9.0/faiss/build/CMakeFiles/CMakeTmp'
Building C object CMakeFiles/cmTC_3f0db.dir/src.c.o
/usr/bin/cc -DCMAKE_HAVE_LIBC_PTHREAD   -o CMakeFiles/cmTC_3f0db.dir/src.c.o -c /home/ubuntu/conann-dev/faiss-1.9.0/faiss/build/CMakeFiles/CMakeTmp/src.c
Linking C executable cmTC_3f0db
/usr/local/bin/cmake -E cmake_link_script CMakeFiles/cmTC_3f0db.dir/link.txt --verbose=1
/usr/bin/cc -rdynamic CMakeFiles/cmTC_3f0db.dir/src.c.o -o cmTC_3f0db 
CMakeFiles/cmTC_3f0db.dir/src.c.o: In function `main':
src.c:(.text+0x3e): undefined reference to `pthread_create'
src.c:(.text+0x4a): undefined reference to `pthread_detach'
src.c:(.text+0x56): undefined reference to `pthread_cancel'
src.c:(.text+0x67): undefined reference to `pthread_join'
src.c:(.text+0x7b): undefined reference to `pthread_atfork'
collect2: error: ld returned 1 exit status
CMakeFiles/cmTC_3f0db.dir/build.make:98: recipe for target 'cmTC_3f0db' failed
make[1]: *** [cmTC_3f0db] Error 1
make[1]: Leaving directory '/home/ubuntu/conann-dev/faiss-1.9.0/faiss/build/CMakeFiles/CMakeTmp'
Makefile:127: recipe for target 'cmTC_3f0db/fast' failed
make: *** [cmTC_3f0db/fast] Error 2


Source file was:
#include <pthread.h>

static void* test_func(void* data)
{
  return data;
}

int main(void)
{
  pthread_t thread;
  pthread_create(&thread, NULL, test_func, NULL);
  pthread_detach(thread);
  pthread_cancel(thread);
  pthread_join(thread, NULL);
  pthread_atfork(NULL, NULL, NULL);
  pthread_exit(NULL);

  return 0;
}

Determining if the function pthread_create exists in the pthreads failed with the following output:
Change Dir: /home/ubuntu/conann-dev/faiss-1.9.0/faiss/build/CMakeFiles/CMakeTmp

Run Build Command(s):/usr/bin/make -f Makefile cmTC_d98dd/fast && /usr/bin/make  -f CMakeFiles/cmTC_d98dd.dir/build.make CMakeFiles/cmTC_d98dd.dir/build
make[1]: Entering directory '/home/ubuntu/conann-dev/faiss-1.9.0/faiss/build/CMakeFiles/CMakeTmp'
Building C object CMakeFiles/cmTC_d98dd.dir/CheckFunctionExists.c.o
/usr/bin/cc   -DCHECK_FUNCTION_EXISTS=pthread_create -o CMakeFiles/cmTC_d98dd.dir/CheckFunctionExists.c.o -c /usr/local/share/cmake-3.24/Modules/CheckFunctionExists.c
Linking C executable cmTC_d98dd
/usr/local/bin/cmake -E cmake_link_script CMakeFiles/cmTC_d98dd.dir/link.txt --verbose=1
/usr/bin/cc  -DCHECK_FUNCTION_EXISTS=pthread_create -rdynamic CMakeFiles/cmTC_d98dd.dir/CheckFunctionExists.c.o -o cmTC_d98dd  -lpthreads 
/usr/bin/ld: cannot find -lpthreads
collect2: error: ld returned 1 exit status
CMakeFiles/cmTC_d98dd.dir/build.make:98: recipe for target 'cmTC_d98dd' failed
make[1]: *** [cmTC_d98dd] Error 1
make[1]: Leaving directory '/home/ubuntu/conann-dev/faiss-1.9.0/faiss/build/CMakeFiles/CMakeTmp'
Makefile:127: recipe for target 'cmTC_d98dd/fast' failed
make: *** [cmTC_d98dd/fast] Error 2



Determining if the function cheev_ exists failed with the following output:
Change Dir: /home/ubuntu/conann-dev/faiss-1.9.0/faiss/build/CMakeFiles/CMakeTmp

Run Build Command(s):/usr/bin/make -f Makefile cmTC_a4124/fast && /usr/bin/make  -f CMakeFiles/cmTC_a4124.dir/build.make CMakeFiles/cmTC_a4124.dir/build
make[1]: Entering directory '/home/ubuntu/conann-dev/faiss-1.9.0/faiss/build/CMakeFiles/CMakeTmp'
Building C object CMakeFiles/cmTC_a4124.dir/CheckFunctionExists.c.o
/usr/bin/cc   -DCHECK_FUNCTION_EXISTS=cheev_ -o CMakeFiles/cmTC_a4124.dir/CheckFunctionExists.c.o -c /usr/local/share/cmake-3.24/Modules/CheckFunctionExists.c
Linking C executable cmTC_a4124
/usr/local/bin/cmake -E cmake_link_script CMakeFiles/cmTC_a4124.dir/link.txt --verbose=1
/usr/bin/cc  -DCHECK_FUNCTION_EXISTS=cheev_ -rdynamic CMakeFiles/cmTC_a4124.dir/CheckFunctionExists.c.o -o cmTC_a4124  /usr/lib/x86_64-linux-gnu/libblas.so -lpthread -lm -ldl 
CMakeFiles/cmTC_a4124.dir/CheckFunctionExists.c.o: In function `main':
CheckFunctionExists.c:(.text+0x10): undefined reference to `cheev_'
collect2: error: ld returned 1 exit status
CMakeFiles/cmTC_a4124.dir/build.make:99: recipe for target 'cmTC_a4124' failed
make[1]: *** [cmTC_a4124] Error 1
make[1]: Leaving directory '/home/ubuntu/conann-dev/faiss-1.9.0/faiss/build/CMakeFiles/CMakeTmp'
Makefile:127: recipe for target 'cmTC_a4124/fast' failed
make: *** [cmTC_a4124/fast] Error 2



